<?xml version="1.0" encoding="UTF-8"?>
<testsuite name="user.SampleTest" tests="3" skipped="3" failures="0" errors="0" timestamp="2019-12-13T05:12:22" hostname="IHM.local" time="0.0">
  <properties/>
  <testcase name="saveUser()" classname="user.SampleTest" time="0.0">
    <skipped/>
  </testcase>
  <testcase name="testHello()" classname="user.SampleTest" time="0.0">
    <skipped/>
  </testcase>
  <testcase name="getUsers()" classname="user.SampleTest" time="0.0">
    <skipped/>
  </testcase>
  <system-out><![CDATA[]]></system-out>
  <system-err><![CDATA[]]></system-err>
</testsuite>
